Build started 14/04/15 8:39:53 PM.
     1>Project "C:\Users\Clint\Desktop\MyGitHub\programming\programing\C++\SDL\SDL3DEngine\SDL3DEngine\SDL3DEngine.vcxproj" on node 2 (Build target(s)).
     1>ClCompile:
         C:\Program Files (x86)\Microsoft Visual Studio 12.0\VC\bin\CL.exe /c /ZI /nologo /W3 /WX- /sdl /Od /Oy- /D _CRT_SECURE_NO_WARNINGS /D _MBCS /Gm /EHsc /RTC1 /MDd /GS /fp:precise /Zc:wchar_t /Zc:forScope /Fo"Debug\\" /Fd"Debug\vc120.pdb" /Gd /TP /analyze- /errorReport:prompt Main.cpp
         Main.cpp
       Link:
         C:\Program Files (x86)\Microsoft Visual Studio 12.0\VC\bin\link.exe /ERRORREPORT:PROMPT /OUT:"C:\Users\Clint\Desktop\MyGitHub\programming\programing\C++\SDL\SDL3DEngine\Debug\SDL3DEngine.exe" /INCREMENTAL /NOLOGO SDL2.lib SDL2main.lib kernel32.lib user32.lib gdi32.lib winspool.lib comdlg32.lib advapi32.lib shell32.lib ole32.lib oleaut32.lib uuid.lib odbc32.lib odbccp32.lib /MANIFEST /MANIFESTUAC:"level='asInvoker' uiAccess='false'" /manifest:embed /DEBUG /PDB:"C:\Users\Clint\Desktop\MyGitHub\programming\programing\C++\SDL\SDL3DEngine\Debug\SDL3DEngine.pdb" /SUBSYSTEM:CONSOLE /TLBID:1 /DYNAMICBASE /NXCOMPAT /IMPLIB:"C:\Users\Clint\Desktop\MyGitHub\programming\programing\C++\SDL\SDL3DEngine\Debug\SDL3DEngine.lib" /MACHINE:X86 Debug\EVALD.obj
         Debug\Evaluate.obj
         Debug\Function.obj
         Debug\Game.obj
         Debug\Matrix.obj
         Debug\Mesh.obj
         Debug\mString.obj
         Debug\Object.obj
         Debug\Point.obj
         Debug\Renderer.obj
         Debug\Triangle.obj
         Debug\Vector.obj
         Debug\View.obj
         Debug\Main.obj
         SDL3DEngine.vcxproj -> C:\Users\Clint\Desktop\MyGitHub\programming\programing\C++\SDL\SDL3DEngine\Debug\SDL3DEngine.exe
     1>Done Building Project "C:\Users\Clint\Desktop\MyGitHub\programming\programing\C++\SDL\SDL3DEngine\SDL3DEngine\SDL3DEngine.vcxproj" (Build target(s)).

Build succeeded.

Time Elapsed 00:00:02.55
